<?xml version="1.0" encoding="UTF-8"?>
<!-- Generated by org.testng.reporters.JUnitReportReporter -->
<testsuite skipped="10" hostname="USC-W-2406ST2" name="test.LoginPage" tests="12" failures="0" timestamp="07 Sep 2019 22:34:54 GMT" time="42.393" errors="0">
  <testcase name="login" time="22.117" classname="test.LoginPage"/>
  <testcase name="login" time="20.276" classname="test.LoginPage"/>
  <testcase name="Endorsements" classname="test.LoginPage">
    <skipped/>
  </testcase> <!-- Endorsements -->
  <testcase name="LossHistory" classname="test.LoginPage">
    <skipped/>
  </testcase> <!-- LossHistory -->
  <testcase name="CoQues" classname="test.LoginPage">
    <skipped/>
  </testcase> <!-- CoQues -->
  <testcase name="eAppAIConti" classname="test.LoginPage">
    <skipped/>
  </testcase> <!-- eAppAIConti -->
  <testcase name="eAppAAInfo" classname="test.LoginPage">
    <skipped/>
  </testcase> <!-- eAppAAInfo -->
  <testcase name="eAppDwellingDetails" classname="test.LoginPage">
    <skipped/>
  </testcase> <!-- eAppDwellingDetails -->
  <testcase name="eAppDwelling" classname="test.LoginPage">
    <skipped/>
  </testcase> <!-- eAppDwelling -->
  <testcase name="Personal" classname="test.LoginPage">
    <skipped/>
  </testcase> <!-- Personal -->
  <testcase name="Personal" classname="test.LoginPage">
    <skipped/>
  </testcase> <!-- Personal -->
  <testcase name="quoteSumm" classname="test.LoginPage">
    <skipped/>
  </testcase> <!-- quoteSumm -->
</testsuite> <!-- test.LoginPage -->
